<?xml version="1.0" encoding="UTF-8"?>
<testng-results ignored="0" total="1" passed="1" failed="0" skipped="0">
  <reporter-output>
  </reporter-output>
  <suite started-at="2023-08-02T14:46:50 IST" name="Default suite" finished-at="2023-08-02T14:46:54 IST" duration-ms="4542">
    <groups>
    </groups>
    <test started-at="2023-08-02T14:46:50 IST" name="Default test" finished-at="2023-08-02T14:46:54 IST" duration-ms="4542">
      <class name="TestAPI">
        <test-method signature="auth()[pri:0, instance:TestAPI@485966cc]" started-at="2023-08-02T14:46:50 IST" name="auth" finished-at="2023-08-02T14:46:54 IST" duration-ms="4467" status="PASS">
          <reporter-output>
          </reporter-output>
        </test-method> <!-- auth -->
      </class> <!-- TestAPI -->
    </test> <!-- Default test -->
  </suite> <!-- Default suite -->
</testng-results>
